INFO [2021-07-23 17:55:35] $x
INFO [2021-07-23 17:55:35] list(Evolution = gene_evolution, Up_regulate = up_regulated_gene0, 
INFO [2021-07-23 17:55:35]     Down_regulated = down_regulated_gene0)
INFO [2021-07-23 17:55:35] 
INFO [2021-07-23 17:55:35] $filename
INFO [2021-07-23 17:55:35] [1] "result/Combine_evolution_analaysis_with_omics_data.png"
INFO [2021-07-23 17:55:35] 
INFO [2021-07-23 17:55:35] $height
INFO [2021-07-23 17:55:35] [1] 1000
INFO [2021-07-23 17:55:35] 
INFO [2021-07-23 17:55:35] $width
INFO [2021-07-23 17:55:35] [1] 1000
INFO [2021-07-23 17:55:35] 
INFO [2021-07-23 17:55:35] $resolution
INFO [2021-07-23 17:55:35] [1] 300
INFO [2021-07-23 17:55:35] 
INFO [2021-07-23 17:55:35] $imagetype
INFO [2021-07-23 17:55:35] [1] "png"
INFO [2021-07-23 17:55:35] 
INFO [2021-07-23 17:55:35] $col
INFO [2021-07-23 17:55:35] [1] "transparent"
INFO [2021-07-23 17:55:35] 
INFO [2021-07-23 17:55:35] $fill
INFO [2021-07-23 17:55:35] c("blue", "red", "green")
INFO [2021-07-23 17:55:35] 
INFO [2021-07-23 17:55:35] $alpha
INFO [2021-07-23 17:55:35] [1] 0.5
INFO [2021-07-23 17:55:35] 
INFO [2021-07-23 17:55:35] $cex
INFO [2021-07-23 17:55:35] [1] 0.45
INFO [2021-07-23 17:55:35] 
INFO [2021-07-23 17:55:35] $cat.cex
INFO [2021-07-23 17:55:35] [1] 0.45
INFO [2021-07-23 17:55:35] 
