INFO [2020-06-06 12:39:31] $x
INFO [2020-06-06 12:39:31] list(Evolution = gene_evolution, Up_regulate = up_regulated_gene0, 
INFO [2020-06-06 12:39:31]     Down_regulated = down_regulated_gene0)
INFO [2020-06-06 12:39:31] 
INFO [2020-06-06 12:39:31] $filename
INFO [2020-06-06 12:39:31] [1] "result/Combine_evolution_analaysis_with_omics_data.png"
INFO [2020-06-06 12:39:31] 
INFO [2020-06-06 12:39:31] $height
INFO [2020-06-06 12:39:31] [1] 1000
INFO [2020-06-06 12:39:31] 
INFO [2020-06-06 12:39:31] $width
INFO [2020-06-06 12:39:31] [1] 1000
INFO [2020-06-06 12:39:31] 
INFO [2020-06-06 12:39:31] $resolution
INFO [2020-06-06 12:39:31] [1] 300
INFO [2020-06-06 12:39:31] 
INFO [2020-06-06 12:39:31] $imagetype
INFO [2020-06-06 12:39:31] [1] "png"
INFO [2020-06-06 12:39:31] 
INFO [2020-06-06 12:39:31] $col
INFO [2020-06-06 12:39:31] [1] "transparent"
INFO [2020-06-06 12:39:31] 
INFO [2020-06-06 12:39:31] $fill
INFO [2020-06-06 12:39:31] c("blue", "red", "green")
INFO [2020-06-06 12:39:31] 
INFO [2020-06-06 12:39:31] $alpha
INFO [2020-06-06 12:39:31] [1] 0.5
INFO [2020-06-06 12:39:31] 
INFO [2020-06-06 12:39:31] $cex
INFO [2020-06-06 12:39:31] [1] 0.45
INFO [2020-06-06 12:39:31] 
INFO [2020-06-06 12:39:31] $cat.cex
INFO [2020-06-06 12:39:31] [1] 0.45
INFO [2020-06-06 12:39:31] 
