INFO [2021-07-23 17:53:32] $x
INFO [2021-07-23 17:53:32] list(Evolution = gene_evolution, Up_regulate = up_regulated_gene0, 
INFO [2021-07-23 17:53:32]     Down_regulated = down_regulated_gene0)
INFO [2021-07-23 17:53:32] 
INFO [2021-07-23 17:53:32] $filename
INFO [2021-07-23 17:53:32] [1] "result/Combine_evolution_analaysis_with_omics_data.png"
INFO [2021-07-23 17:53:32] 
INFO [2021-07-23 17:53:32] $height
INFO [2021-07-23 17:53:32] [1] 1000
INFO [2021-07-23 17:53:32] 
INFO [2021-07-23 17:53:32] $width
INFO [2021-07-23 17:53:32] [1] 1000
INFO [2021-07-23 17:53:32] 
INFO [2021-07-23 17:53:32] $resolution
INFO [2021-07-23 17:53:32] [1] 300
INFO [2021-07-23 17:53:32] 
INFO [2021-07-23 17:53:32] $imagetype
INFO [2021-07-23 17:53:32] [1] "png"
INFO [2021-07-23 17:53:32] 
INFO [2021-07-23 17:53:32] $col
INFO [2021-07-23 17:53:32] [1] "transparent"
INFO [2021-07-23 17:53:32] 
INFO [2021-07-23 17:53:32] $fill
INFO [2021-07-23 17:53:32] c("blue", "red", "green")
INFO [2021-07-23 17:53:32] 
INFO [2021-07-23 17:53:32] $alpha
INFO [2021-07-23 17:53:32] [1] 0.5
INFO [2021-07-23 17:53:32] 
INFO [2021-07-23 17:53:32] $cex
INFO [2021-07-23 17:53:32] [1] 0.45
INFO [2021-07-23 17:53:32] 
INFO [2021-07-23 17:53:32] $cat.cex
INFO [2021-07-23 17:53:32] [1] 0.45
INFO [2021-07-23 17:53:32] 
