INFO [2020-11-14 09:40:20] $x
INFO [2020-11-14 09:40:20] list(Evolution = gene_evolution, Up_regulate = up_regulated_gene0, 
INFO [2020-11-14 09:40:20]     Down_regulated = down_regulated_gene0)
INFO [2020-11-14 09:40:20] 
INFO [2020-11-14 09:40:20] $filename
INFO [2020-11-14 09:40:20] [1] "result/Combine_evolution_analaysis_with_omics_data.png"
INFO [2020-11-14 09:40:20] 
INFO [2020-11-14 09:40:20] $height
INFO [2020-11-14 09:40:20] [1] 1000
INFO [2020-11-14 09:40:20] 
INFO [2020-11-14 09:40:20] $width
INFO [2020-11-14 09:40:20] [1] 1000
INFO [2020-11-14 09:40:20] 
INFO [2020-11-14 09:40:20] $resolution
INFO [2020-11-14 09:40:20] [1] 300
INFO [2020-11-14 09:40:20] 
INFO [2020-11-14 09:40:20] $imagetype
INFO [2020-11-14 09:40:20] [1] "png"
INFO [2020-11-14 09:40:20] 
INFO [2020-11-14 09:40:20] $col
INFO [2020-11-14 09:40:20] [1] "transparent"
INFO [2020-11-14 09:40:20] 
INFO [2020-11-14 09:40:20] $fill
INFO [2020-11-14 09:40:20] c("blue", "red", "green")
INFO [2020-11-14 09:40:20] 
INFO [2020-11-14 09:40:20] $alpha
INFO [2020-11-14 09:40:20] [1] 0.5
INFO [2020-11-14 09:40:20] 
INFO [2020-11-14 09:40:20] $cex
INFO [2020-11-14 09:40:20] [1] 0.45
INFO [2020-11-14 09:40:20] 
INFO [2020-11-14 09:40:20] $cat.cex
INFO [2020-11-14 09:40:20] [1] 0.45
INFO [2020-11-14 09:40:20] 
