INFO [2020-11-15 11:33:53] $x
INFO [2020-11-15 11:33:53] list(Evolution = gene_evolution, Up_regulate = up_regulated_gene0, 
INFO [2020-11-15 11:33:53]     Down_regulated = down_regulated_gene0)
INFO [2020-11-15 11:33:53] 
INFO [2020-11-15 11:33:53] $filename
INFO [2020-11-15 11:33:53] [1] "result/Combine_evolution_analaysis_with_omics_data.png"
INFO [2020-11-15 11:33:53] 
INFO [2020-11-15 11:33:53] $height
INFO [2020-11-15 11:33:53] [1] 1000
INFO [2020-11-15 11:33:53] 
INFO [2020-11-15 11:33:53] $width
INFO [2020-11-15 11:33:53] [1] 1000
INFO [2020-11-15 11:33:53] 
INFO [2020-11-15 11:33:53] $resolution
INFO [2020-11-15 11:33:53] [1] 300
INFO [2020-11-15 11:33:53] 
INFO [2020-11-15 11:33:53] $imagetype
INFO [2020-11-15 11:33:53] [1] "png"
INFO [2020-11-15 11:33:53] 
INFO [2020-11-15 11:33:53] $col
INFO [2020-11-15 11:33:53] [1] "transparent"
INFO [2020-11-15 11:33:53] 
INFO [2020-11-15 11:33:53] $fill
INFO [2020-11-15 11:33:53] c("blue", "red", "green")
INFO [2020-11-15 11:33:53] 
INFO [2020-11-15 11:33:53] $alpha
INFO [2020-11-15 11:33:53] [1] 0.5
INFO [2020-11-15 11:33:53] 
INFO [2020-11-15 11:33:53] $cex
INFO [2020-11-15 11:33:53] [1] 0.45
INFO [2020-11-15 11:33:53] 
INFO [2020-11-15 11:33:53] $cat.cex
INFO [2020-11-15 11:33:53] [1] 0.45
INFO [2020-11-15 11:33:53] 
