INFO [2020-04-25 20:01:27] $x
INFO [2020-04-25 20:01:27] list(Evolution = gene_evolution, Up_regulate = up_regulated_gene0, 
INFO [2020-04-25 20:01:27]     Down_regulated = down_regulated_gene0)
INFO [2020-04-25 20:01:27] 
INFO [2020-04-25 20:01:27] $filename
INFO [2020-04-25 20:01:27] [1] "result/Combine_evolution_analaysis_with_omics_data.png"
INFO [2020-04-25 20:01:27] 
INFO [2020-04-25 20:01:27] $height
INFO [2020-04-25 20:01:27] [1] 1000
INFO [2020-04-25 20:01:27] 
INFO [2020-04-25 20:01:27] $width
INFO [2020-04-25 20:01:27] [1] 1000
INFO [2020-04-25 20:01:27] 
INFO [2020-04-25 20:01:27] $resolution
INFO [2020-04-25 20:01:27] [1] 300
INFO [2020-04-25 20:01:27] 
INFO [2020-04-25 20:01:27] $imagetype
INFO [2020-04-25 20:01:27] [1] "png"
INFO [2020-04-25 20:01:27] 
INFO [2020-04-25 20:01:27] $col
INFO [2020-04-25 20:01:27] [1] "transparent"
INFO [2020-04-25 20:01:27] 
INFO [2020-04-25 20:01:27] $fill
INFO [2020-04-25 20:01:27] c("blue", "red", "green")
INFO [2020-04-25 20:01:27] 
INFO [2020-04-25 20:01:27] $alpha
INFO [2020-04-25 20:01:27] [1] 0.5
INFO [2020-04-25 20:01:27] 
INFO [2020-04-25 20:01:27] $cex
INFO [2020-04-25 20:01:27] [1] 0.45
INFO [2020-04-25 20:01:27] 
INFO [2020-04-25 20:01:27] $cat.cex
INFO [2020-04-25 20:01:27] [1] 0.45
INFO [2020-04-25 20:01:27] 
