INFO [2021-07-31 16:09:30] $x
INFO [2021-07-31 16:09:30] list(Evolution = gene_evolution, Up_regulate = up_regulated_gene0, 
INFO [2021-07-31 16:09:30]     Down_regulated = down_regulated_gene0)
INFO [2021-07-31 16:09:30] 
INFO [2021-07-31 16:09:30] $filename
INFO [2021-07-31 16:09:30] [1] "result/Combine_evolution_analaysis_with_omics_data.png"
INFO [2021-07-31 16:09:30] 
INFO [2021-07-31 16:09:30] $height
INFO [2021-07-31 16:09:30] [1] 1000
INFO [2021-07-31 16:09:30] 
INFO [2021-07-31 16:09:30] $width
INFO [2021-07-31 16:09:30] [1] 1000
INFO [2021-07-31 16:09:30] 
INFO [2021-07-31 16:09:30] $resolution
INFO [2021-07-31 16:09:30] [1] 300
INFO [2021-07-31 16:09:30] 
INFO [2021-07-31 16:09:30] $imagetype
INFO [2021-07-31 16:09:30] [1] "png"
INFO [2021-07-31 16:09:30] 
INFO [2021-07-31 16:09:30] $col
INFO [2021-07-31 16:09:30] [1] "transparent"
INFO [2021-07-31 16:09:30] 
INFO [2021-07-31 16:09:30] $fill
INFO [2021-07-31 16:09:30] c("blue", "red", "green")
INFO [2021-07-31 16:09:30] 
INFO [2021-07-31 16:09:30] $alpha
INFO [2021-07-31 16:09:30] [1] 0.5
INFO [2021-07-31 16:09:30] 
INFO [2021-07-31 16:09:30] $cex
INFO [2021-07-31 16:09:30] [1] 0.45
INFO [2021-07-31 16:09:30] 
INFO [2021-07-31 16:09:30] $cat.cex
INFO [2021-07-31 16:09:30] [1] 0.45
INFO [2021-07-31 16:09:30] 
