INFO [2020-11-14 11:06:23] $x
INFO [2020-11-14 11:06:23] list(Evolution = gene_evolution, Up_regulate = up_regulated_gene0, 
INFO [2020-11-14 11:06:23]     Down_regulated = down_regulated_gene0)
INFO [2020-11-14 11:06:23] 
INFO [2020-11-14 11:06:23] $filename
INFO [2020-11-14 11:06:23] [1] "result/Combine_evolution_analaysis_with_omics_data.png"
INFO [2020-11-14 11:06:23] 
INFO [2020-11-14 11:06:23] $height
INFO [2020-11-14 11:06:23] [1] 1000
INFO [2020-11-14 11:06:23] 
INFO [2020-11-14 11:06:23] $width
INFO [2020-11-14 11:06:23] [1] 1000
INFO [2020-11-14 11:06:23] 
INFO [2020-11-14 11:06:23] $resolution
INFO [2020-11-14 11:06:23] [1] 300
INFO [2020-11-14 11:06:23] 
INFO [2020-11-14 11:06:23] $imagetype
INFO [2020-11-14 11:06:23] [1] "png"
INFO [2020-11-14 11:06:23] 
INFO [2020-11-14 11:06:23] $col
INFO [2020-11-14 11:06:23] [1] "transparent"
INFO [2020-11-14 11:06:23] 
INFO [2020-11-14 11:06:23] $fill
INFO [2020-11-14 11:06:23] c("blue", "red", "green")
INFO [2020-11-14 11:06:23] 
INFO [2020-11-14 11:06:23] $alpha
INFO [2020-11-14 11:06:23] [1] 0.5
INFO [2020-11-14 11:06:23] 
INFO [2020-11-14 11:06:23] $cex
INFO [2020-11-14 11:06:23] [1] 0.45
INFO [2020-11-14 11:06:23] 
INFO [2020-11-14 11:06:23] $cat.cex
INFO [2020-11-14 11:06:23] [1] 0.45
INFO [2020-11-14 11:06:23] 
