INFO [2020-04-25 20:00:09] $x
INFO [2020-04-25 20:00:09] list(Model = gene_model, Evolution = gene_evolution)
INFO [2020-04-25 20:00:09] 
INFO [2020-04-25 20:00:09] $filename
INFO [2020-04-25 20:00:09] [1] "result/Compare_model_prediction_and_evolution_analysis.png"
INFO [2020-04-25 20:00:09] 
INFO [2020-04-25 20:00:09] $height
INFO [2020-04-25 20:00:09] [1] 1000
INFO [2020-04-25 20:00:09] 
INFO [2020-04-25 20:00:09] $width
INFO [2020-04-25 20:00:09] [1] 1000
INFO [2020-04-25 20:00:09] 
INFO [2020-04-25 20:00:09] $resolution
INFO [2020-04-25 20:00:09] [1] 300
INFO [2020-04-25 20:00:09] 
INFO [2020-04-25 20:00:09] $imagetype
INFO [2020-04-25 20:00:09] [1] "png"
INFO [2020-04-25 20:00:09] 
INFO [2020-04-25 20:00:09] $col
INFO [2020-04-25 20:00:09] [1] "transparent"
INFO [2020-04-25 20:00:09] 
INFO [2020-04-25 20:00:09] $fill
INFO [2020-04-25 20:00:09] c("blue", "red")
INFO [2020-04-25 20:00:09] 
INFO [2020-04-25 20:00:09] $alpha
INFO [2020-04-25 20:00:09] [1] 0.5
INFO [2020-04-25 20:00:09] 
INFO [2020-04-25 20:00:09] $cex
INFO [2020-04-25 20:00:09] [1] 0.45
INFO [2020-04-25 20:00:09] 
INFO [2020-04-25 20:00:09] $cat.cex
INFO [2020-04-25 20:00:09] [1] 0.45
INFO [2020-04-25 20:00:09] 
INFO [2020-04-25 20:00:09] $x
INFO [2020-04-25 20:00:09] list(Evolution = gene_evolution, Up_regulate = up_regulated_gene, 
INFO [2020-04-25 20:00:09]     Down_regulated = down_regulated_gene)
INFO [2020-04-25 20:00:09] 
INFO [2020-04-25 20:00:09] $filename
INFO [2020-04-25 20:00:09] [1] "result/Compare_model_prediction_and_evolution_analysis.png"
INFO [2020-04-25 20:00:09] 
INFO [2020-04-25 20:00:09] $height
INFO [2020-04-25 20:00:09] [1] 1000
INFO [2020-04-25 20:00:09] 
INFO [2020-04-25 20:00:09] $width
INFO [2020-04-25 20:00:09] [1] 1000
INFO [2020-04-25 20:00:09] 
INFO [2020-04-25 20:00:09] $resolution
INFO [2020-04-25 20:00:09] [1] 300
INFO [2020-04-25 20:00:09] 
INFO [2020-04-25 20:00:09] $imagetype
INFO [2020-04-25 20:00:09] [1] "png"
INFO [2020-04-25 20:00:09] 
INFO [2020-04-25 20:00:09] $col
INFO [2020-04-25 20:00:09] [1] "transparent"
INFO [2020-04-25 20:00:09] 
INFO [2020-04-25 20:00:09] $fill
INFO [2020-04-25 20:00:09] c("blue", "red", "green")
INFO [2020-04-25 20:00:09] 
INFO [2020-04-25 20:00:09] $alpha
INFO [2020-04-25 20:00:09] [1] 0.5
INFO [2020-04-25 20:00:09] 
INFO [2020-04-25 20:00:09] $cex
INFO [2020-04-25 20:00:09] [1] 0.45
INFO [2020-04-25 20:00:09] 
INFO [2020-04-25 20:00:09] $cat.cex
INFO [2020-04-25 20:00:09] [1] 0.45
INFO [2020-04-25 20:00:09] 
