INFO [2020-04-25 19:59:41] $x
INFO [2020-04-25 19:59:41] list(Evolution = gene_evolution, Up_regulate = up_regulated_gene, 
INFO [2020-04-25 19:59:41]     Down_regulated = down_regulated_gene)
INFO [2020-04-25 19:59:41] 
INFO [2020-04-25 19:59:41] $filename
INFO [2020-04-25 19:59:41] [1] "result/Compare_model_prediction_and_evolution_analysis.png"
INFO [2020-04-25 19:59:41] 
INFO [2020-04-25 19:59:41] $height
INFO [2020-04-25 19:59:41] [1] 1000
INFO [2020-04-25 19:59:41] 
INFO [2020-04-25 19:59:41] $width
INFO [2020-04-25 19:59:41] [1] 1000
INFO [2020-04-25 19:59:41] 
INFO [2020-04-25 19:59:41] $resolution
INFO [2020-04-25 19:59:41] [1] 300
INFO [2020-04-25 19:59:41] 
INFO [2020-04-25 19:59:41] $imagetype
INFO [2020-04-25 19:59:41] [1] "png"
INFO [2020-04-25 19:59:41] 
INFO [2020-04-25 19:59:41] $col
INFO [2020-04-25 19:59:41] [1] "transparent"
INFO [2020-04-25 19:59:41] 
INFO [2020-04-25 19:59:41] $fill
INFO [2020-04-25 19:59:41] c("blue", "red", "gray")
INFO [2020-04-25 19:59:41] 
INFO [2020-04-25 19:59:41] $alpha
INFO [2020-04-25 19:59:41] [1] 0.5
INFO [2020-04-25 19:59:41] 
INFO [2020-04-25 19:59:41] $cex
INFO [2020-04-25 19:59:41] [1] 0.45
INFO [2020-04-25 19:59:41] 
INFO [2020-04-25 19:59:41] $cat.cex
INFO [2020-04-25 19:59:41] [1] 0.45
INFO [2020-04-25 19:59:41] 
