INFO [2020-06-06 11:11:22] $x
INFO [2020-06-06 11:11:22] list(Model = gene_model, Evolution = gene_evolution)
INFO [2020-06-06 11:11:22] 
INFO [2020-06-06 11:11:22] $filename
INFO [2020-06-06 11:11:22] [1] "result/Compare_model_prediction_and_evolution_analysis.png"
INFO [2020-06-06 11:11:22] 
INFO [2020-06-06 11:11:22] $height
INFO [2020-06-06 11:11:22] [1] 1000
INFO [2020-06-06 11:11:22] 
INFO [2020-06-06 11:11:22] $width
INFO [2020-06-06 11:11:22] [1] 1000
INFO [2020-06-06 11:11:22] 
INFO [2020-06-06 11:11:22] $resolution
INFO [2020-06-06 11:11:22] [1] 300
INFO [2020-06-06 11:11:22] 
INFO [2020-06-06 11:11:22] $imagetype
INFO [2020-06-06 11:11:22] [1] "png"
INFO [2020-06-06 11:11:22] 
INFO [2020-06-06 11:11:22] $col
INFO [2020-06-06 11:11:22] [1] "transparent"
INFO [2020-06-06 11:11:22] 
INFO [2020-06-06 11:11:22] $fill
INFO [2020-06-06 11:11:22] c("blue", "red")
INFO [2020-06-06 11:11:22] 
INFO [2020-06-06 11:11:22] $alpha
INFO [2020-06-06 11:11:22] [1] 0.5
INFO [2020-06-06 11:11:22] 
INFO [2020-06-06 11:11:22] $cex
INFO [2020-06-06 11:11:22] [1] 0.45
INFO [2020-06-06 11:11:22] 
INFO [2020-06-06 11:11:22] $cat.cex
INFO [2020-06-06 11:11:22] [1] 0.45
INFO [2020-06-06 11:11:22] 
