INFO [2020-04-25 19:19:37] $x
INFO [2020-04-25 19:19:37] list(Model = gene_model, Evolution = gene_evolution)
INFO [2020-04-25 19:19:37] 
INFO [2020-04-25 19:19:37] $filename
INFO [2020-04-25 19:19:37] [1] "result/Compare_model_prediction_and_evolution_analysis.png"
INFO [2020-04-25 19:19:37] 
INFO [2020-04-25 19:19:37] $height
INFO [2020-04-25 19:19:37] [1] 1000
INFO [2020-04-25 19:19:37] 
INFO [2020-04-25 19:19:37] $width
INFO [2020-04-25 19:19:37] [1] 1000
INFO [2020-04-25 19:19:37] 
INFO [2020-04-25 19:19:37] $resolution
INFO [2020-04-25 19:19:37] [1] 300
INFO [2020-04-25 19:19:37] 
INFO [2020-04-25 19:19:37] $imagetype
INFO [2020-04-25 19:19:37] [1] "png"
INFO [2020-04-25 19:19:37] 
INFO [2020-04-25 19:19:37] $col
INFO [2020-04-25 19:19:37] [1] "transparent"
INFO [2020-04-25 19:19:37] 
INFO [2020-04-25 19:19:37] $fill
INFO [2020-04-25 19:19:37] c("blue", "red")
INFO [2020-04-25 19:19:37] 
INFO [2020-04-25 19:19:37] $alpha
INFO [2020-04-25 19:19:37] [1] 0.5
INFO [2020-04-25 19:19:37] 
INFO [2020-04-25 19:19:37] $cex
INFO [2020-04-25 19:19:37] [1] 0.45
INFO [2020-04-25 19:19:37] 
INFO [2020-04-25 19:19:37] $cat.cex
INFO [2020-04-25 19:19:37] [1] 0.45
INFO [2020-04-25 19:19:37] 
