INFO [2020-11-14 09:40:00] $x
INFO [2020-11-14 09:40:00] list(Model = gene_model, Evolution = gene_evolution)
INFO [2020-11-14 09:40:00] 
INFO [2020-11-14 09:40:00] $filename
INFO [2020-11-14 09:40:00] [1] "result/Compare_model_prediction_and_evolution_analysis.png"
INFO [2020-11-14 09:40:00] 
INFO [2020-11-14 09:40:00] $height
INFO [2020-11-14 09:40:00] [1] 1000
INFO [2020-11-14 09:40:00] 
INFO [2020-11-14 09:40:00] $width
INFO [2020-11-14 09:40:00] [1] 1000
INFO [2020-11-14 09:40:00] 
INFO [2020-11-14 09:40:00] $resolution
INFO [2020-11-14 09:40:00] [1] 300
INFO [2020-11-14 09:40:00] 
INFO [2020-11-14 09:40:00] $imagetype
INFO [2020-11-14 09:40:00] [1] "png"
INFO [2020-11-14 09:40:00] 
INFO [2020-11-14 09:40:00] $col
INFO [2020-11-14 09:40:00] [1] "transparent"
INFO [2020-11-14 09:40:00] 
INFO [2020-11-14 09:40:00] $fill
INFO [2020-11-14 09:40:00] c("blue", "red")
INFO [2020-11-14 09:40:00] 
INFO [2020-11-14 09:40:00] $alpha
INFO [2020-11-14 09:40:00] [1] 0.5
INFO [2020-11-14 09:40:00] 
INFO [2020-11-14 09:40:00] $cex
INFO [2020-11-14 09:40:00] [1] 0.45
INFO [2020-11-14 09:40:00] 
INFO [2020-11-14 09:40:00] $cat.cex
INFO [2020-11-14 09:40:00] [1] 0.45
INFO [2020-11-14 09:40:00] 
