INFO [2020-06-06 11:11:39] $x
INFO [2020-06-06 11:11:39] list(Model = gene_model, Evolution = gene_evolution)
INFO [2020-06-06 11:11:39] 
INFO [2020-06-06 11:11:39] $filename
INFO [2020-06-06 11:11:39] [1] "result/Compare_model_prediction_and_evolution_analysis.png"
INFO [2020-06-06 11:11:39] 
INFO [2020-06-06 11:11:39] $height
INFO [2020-06-06 11:11:39] [1] 1000
INFO [2020-06-06 11:11:39] 
INFO [2020-06-06 11:11:39] $width
INFO [2020-06-06 11:11:39] [1] 1000
INFO [2020-06-06 11:11:39] 
INFO [2020-06-06 11:11:39] $resolution
INFO [2020-06-06 11:11:39] [1] 300
INFO [2020-06-06 11:11:39] 
INFO [2020-06-06 11:11:39] $imagetype
INFO [2020-06-06 11:11:39] [1] "png"
INFO [2020-06-06 11:11:39] 
INFO [2020-06-06 11:11:39] $col
INFO [2020-06-06 11:11:39] [1] "transparent"
INFO [2020-06-06 11:11:39] 
INFO [2020-06-06 11:11:39] $fill
INFO [2020-06-06 11:11:39] c("blue", "red")
INFO [2020-06-06 11:11:39] 
INFO [2020-06-06 11:11:39] $alpha
INFO [2020-06-06 11:11:39] [1] 0.5
INFO [2020-06-06 11:11:39] 
INFO [2020-06-06 11:11:39] $cex
INFO [2020-06-06 11:11:39] [1] 0.45
INFO [2020-06-06 11:11:39] 
INFO [2020-06-06 11:11:39] $cat.cex
INFO [2020-06-06 11:11:39] [1] 0.45
INFO [2020-06-06 11:11:39] 
