INFO [2020-05-07 15:45:14] $x
INFO [2020-05-07 15:45:14] list(Model = gene_model, Evolution = gene_evolution)
INFO [2020-05-07 15:45:14] 
INFO [2020-05-07 15:45:14] $filename
INFO [2020-05-07 15:45:14] [1] "result/Compare_model_prediction_and_evolution_analysis.png"
INFO [2020-05-07 15:45:14] 
INFO [2020-05-07 15:45:14] $height
INFO [2020-05-07 15:45:14] [1] 1000
INFO [2020-05-07 15:45:14] 
INFO [2020-05-07 15:45:14] $width
INFO [2020-05-07 15:45:14] [1] 1000
INFO [2020-05-07 15:45:14] 
INFO [2020-05-07 15:45:14] $resolution
INFO [2020-05-07 15:45:14] [1] 300
INFO [2020-05-07 15:45:14] 
INFO [2020-05-07 15:45:14] $imagetype
INFO [2020-05-07 15:45:14] [1] "png"
INFO [2020-05-07 15:45:14] 
INFO [2020-05-07 15:45:14] $col
INFO [2020-05-07 15:45:14] [1] "transparent"
INFO [2020-05-07 15:45:14] 
INFO [2020-05-07 15:45:14] $fill
INFO [2020-05-07 15:45:14] c("blue", "red")
INFO [2020-05-07 15:45:14] 
INFO [2020-05-07 15:45:14] $alpha
INFO [2020-05-07 15:45:14] [1] 0.5
INFO [2020-05-07 15:45:14] 
INFO [2020-05-07 15:45:14] $cex
INFO [2020-05-07 15:45:14] [1] 0.45
INFO [2020-05-07 15:45:14] 
INFO [2020-05-07 15:45:14] $cat.cex
INFO [2020-05-07 15:45:14] [1] 0.45
INFO [2020-05-07 15:45:14] 
