INFO [2020-11-15 11:33:52] $x
INFO [2020-11-15 11:33:52] list(Model = gene_model, Evolution = gene_evolution)
INFO [2020-11-15 11:33:52] 
INFO [2020-11-15 11:33:52] $filename
INFO [2020-11-15 11:33:52] [1] "result/Compare_model_prediction_and_evolution_analysis.png"
INFO [2020-11-15 11:33:52] 
INFO [2020-11-15 11:33:52] $height
INFO [2020-11-15 11:33:52] [1] 1000
INFO [2020-11-15 11:33:52] 
INFO [2020-11-15 11:33:52] $width
INFO [2020-11-15 11:33:52] [1] 1000
INFO [2020-11-15 11:33:52] 
INFO [2020-11-15 11:33:52] $resolution
INFO [2020-11-15 11:33:52] [1] 300
INFO [2020-11-15 11:33:52] 
INFO [2020-11-15 11:33:52] $imagetype
INFO [2020-11-15 11:33:52] [1] "png"
INFO [2020-11-15 11:33:52] 
INFO [2020-11-15 11:33:52] $col
INFO [2020-11-15 11:33:52] [1] "transparent"
INFO [2020-11-15 11:33:52] 
INFO [2020-11-15 11:33:52] $fill
INFO [2020-11-15 11:33:52] c("blue", "red")
INFO [2020-11-15 11:33:52] 
INFO [2020-11-15 11:33:52] $alpha
INFO [2020-11-15 11:33:52] [1] 0.5
INFO [2020-11-15 11:33:52] 
INFO [2020-11-15 11:33:52] $cex
INFO [2020-11-15 11:33:52] [1] 0.45
INFO [2020-11-15 11:33:52] 
INFO [2020-11-15 11:33:52] $cat.cex
INFO [2020-11-15 11:33:52] [1] 0.45
INFO [2020-11-15 11:33:52] 
