INFO [2020-06-06 13:26:05] $x
INFO [2020-06-06 13:26:05] list(Model = gene_model, Evolution = gene_evolution)
INFO [2020-06-06 13:26:05] 
INFO [2020-06-06 13:26:05] $filename
INFO [2020-06-06 13:26:05] [1] "result/Compare_model_prediction_and_evolution_analysis.png"
INFO [2020-06-06 13:26:05] 
INFO [2020-06-06 13:26:05] $height
INFO [2020-06-06 13:26:05] [1] 1000
INFO [2020-06-06 13:26:05] 
INFO [2020-06-06 13:26:05] $width
INFO [2020-06-06 13:26:05] [1] 1000
INFO [2020-06-06 13:26:05] 
INFO [2020-06-06 13:26:05] $resolution
INFO [2020-06-06 13:26:05] [1] 300
INFO [2020-06-06 13:26:05] 
INFO [2020-06-06 13:26:05] $imagetype
INFO [2020-06-06 13:26:05] [1] "png"
INFO [2020-06-06 13:26:05] 
INFO [2020-06-06 13:26:05] $col
INFO [2020-06-06 13:26:05] [1] "transparent"
INFO [2020-06-06 13:26:05] 
INFO [2020-06-06 13:26:05] $fill
INFO [2020-06-06 13:26:05] c("blue", "red")
INFO [2020-06-06 13:26:05] 
INFO [2020-06-06 13:26:05] $alpha
INFO [2020-06-06 13:26:05] [1] 0.5
INFO [2020-06-06 13:26:05] 
INFO [2020-06-06 13:26:05] $cex
INFO [2020-06-06 13:26:05] [1] 0.45
INFO [2020-06-06 13:26:05] 
INFO [2020-06-06 13:26:05] $cat.cex
INFO [2020-06-06 13:26:05] [1] 0.45
INFO [2020-06-06 13:26:05] 
