INFO [2020-12-25 10:39:19] $x
INFO [2020-12-25 10:39:19] list(Model = gene_model, Evolution = gene_evolution)
INFO [2020-12-25 10:39:19] 
INFO [2020-12-25 10:39:19] $filename
INFO [2020-12-25 10:39:19] [1] "result/Compare_model_prediction_and_evolution_analysis.png"
INFO [2020-12-25 10:39:19] 
INFO [2020-12-25 10:39:19] $height
INFO [2020-12-25 10:39:19] [1] 1000
INFO [2020-12-25 10:39:19] 
INFO [2020-12-25 10:39:19] $width
INFO [2020-12-25 10:39:19] [1] 1000
INFO [2020-12-25 10:39:19] 
INFO [2020-12-25 10:39:19] $resolution
INFO [2020-12-25 10:39:19] [1] 300
INFO [2020-12-25 10:39:19] 
INFO [2020-12-25 10:39:19] $imagetype
INFO [2020-12-25 10:39:19] [1] "png"
INFO [2020-12-25 10:39:19] 
INFO [2020-12-25 10:39:19] $col
INFO [2020-12-25 10:39:19] [1] "transparent"
INFO [2020-12-25 10:39:19] 
INFO [2020-12-25 10:39:19] $fill
INFO [2020-12-25 10:39:19] c("blue", "red")
INFO [2020-12-25 10:39:19] 
INFO [2020-12-25 10:39:19] $alpha
INFO [2020-12-25 10:39:19] [1] 0.5
INFO [2020-12-25 10:39:19] 
INFO [2020-12-25 10:39:19] $cex
INFO [2020-12-25 10:39:19] [1] 0.45
INFO [2020-12-25 10:39:19] 
INFO [2020-12-25 10:39:19] $cat.cex
INFO [2020-12-25 10:39:19] [1] 0.45
INFO [2020-12-25 10:39:19] 
