INFO [2020-11-14 11:06:12] $x
INFO [2020-11-14 11:06:12] list(Model = gene_model, Evolution = gene_evolution)
INFO [2020-11-14 11:06:12] 
INFO [2020-11-14 11:06:12] $filename
INFO [2020-11-14 11:06:12] [1] "result/Compare_model_prediction_and_evolution_analysis.png"
INFO [2020-11-14 11:06:12] 
INFO [2020-11-14 11:06:12] $height
INFO [2020-11-14 11:06:12] [1] 1000
INFO [2020-11-14 11:06:12] 
INFO [2020-11-14 11:06:12] $width
INFO [2020-11-14 11:06:12] [1] 1000
INFO [2020-11-14 11:06:12] 
INFO [2020-11-14 11:06:12] $resolution
INFO [2020-11-14 11:06:12] [1] 300
INFO [2020-11-14 11:06:12] 
INFO [2020-11-14 11:06:12] $imagetype
INFO [2020-11-14 11:06:12] [1] "png"
INFO [2020-11-14 11:06:12] 
INFO [2020-11-14 11:06:12] $col
INFO [2020-11-14 11:06:12] [1] "transparent"
INFO [2020-11-14 11:06:12] 
INFO [2020-11-14 11:06:12] $fill
INFO [2020-11-14 11:06:12] c("blue", "red")
INFO [2020-11-14 11:06:12] 
INFO [2020-11-14 11:06:12] $alpha
INFO [2020-11-14 11:06:12] [1] 0.5
INFO [2020-11-14 11:06:12] 
INFO [2020-11-14 11:06:12] $cex
INFO [2020-11-14 11:06:12] [1] 0.45
INFO [2020-11-14 11:06:12] 
INFO [2020-11-14 11:06:12] $cat.cex
INFO [2020-11-14 11:06:12] [1] 0.45
INFO [2020-11-14 11:06:12] 
