INFO [2020-04-25 19:58:06] $x
INFO [2020-04-25 19:58:06] list(Model = gene_model, Evolution = gene_evolution)
INFO [2020-04-25 19:58:06] 
INFO [2020-04-25 19:58:06] $filename
INFO [2020-04-25 19:58:06] [1] "result/Compare_model_prediction_and_evolution_analysis.png"
INFO [2020-04-25 19:58:06] 
INFO [2020-04-25 19:58:06] $height
INFO [2020-04-25 19:58:06] [1] 1000
INFO [2020-04-25 19:58:06] 
INFO [2020-04-25 19:58:06] $width
INFO [2020-04-25 19:58:06] [1] 1000
INFO [2020-04-25 19:58:06] 
INFO [2020-04-25 19:58:06] $resolution
INFO [2020-04-25 19:58:06] [1] 300
INFO [2020-04-25 19:58:06] 
INFO [2020-04-25 19:58:06] $imagetype
INFO [2020-04-25 19:58:06] [1] "png"
INFO [2020-04-25 19:58:06] 
INFO [2020-04-25 19:58:06] $col
INFO [2020-04-25 19:58:06] [1] "transparent"
INFO [2020-04-25 19:58:06] 
INFO [2020-04-25 19:58:06] $fill
INFO [2020-04-25 19:58:06] c("blue", "red")
INFO [2020-04-25 19:58:06] 
INFO [2020-04-25 19:58:06] $alpha
INFO [2020-04-25 19:58:06] [1] 0.5
INFO [2020-04-25 19:58:06] 
INFO [2020-04-25 19:58:06] $cex
INFO [2020-04-25 19:58:06] [1] 0.45
INFO [2020-04-25 19:58:06] 
INFO [2020-04-25 19:58:06] $cat.cex
INFO [2020-04-25 19:58:06] [1] 0.45
INFO [2020-04-25 19:58:06] 
