INFO [2020-04-25 19:59:24] $x
INFO [2020-04-25 19:59:24] list(Evolution = gene_evolution, Up_regulate = up_regulated_gene, 
INFO [2020-04-25 19:59:24]     Down_regulated = down_regulated_gene)
INFO [2020-04-25 19:59:24] 
INFO [2020-04-25 19:59:24] $filename
INFO [2020-04-25 19:59:24] [1] "result/Compare_model_prediction_and_evolution_analysis.png"
INFO [2020-04-25 19:59:24] 
INFO [2020-04-25 19:59:24] $height
INFO [2020-04-25 19:59:24] [1] 1000
INFO [2020-04-25 19:59:24] 
INFO [2020-04-25 19:59:24] $width
INFO [2020-04-25 19:59:24] [1] 1000
INFO [2020-04-25 19:59:24] 
INFO [2020-04-25 19:59:24] $resolution
INFO [2020-04-25 19:59:24] [1] 300
INFO [2020-04-25 19:59:24] 
INFO [2020-04-25 19:59:24] $imagetype
INFO [2020-04-25 19:59:24] [1] "png"
INFO [2020-04-25 19:59:24] 
INFO [2020-04-25 19:59:24] $col
INFO [2020-04-25 19:59:24] [1] "transparent"
INFO [2020-04-25 19:59:24] 
INFO [2020-04-25 19:59:24] $fill
INFO [2020-04-25 19:59:24] c("blue", "red")
INFO [2020-04-25 19:59:24] 
INFO [2020-04-25 19:59:24] $alpha
INFO [2020-04-25 19:59:24] [1] 0.5
INFO [2020-04-25 19:59:24] 
INFO [2020-04-25 19:59:24] $cex
INFO [2020-04-25 19:59:24] [1] 0.45
INFO [2020-04-25 19:59:24] 
INFO [2020-04-25 19:59:24] $cat.cex
INFO [2020-04-25 19:59:24] [1] 0.45
INFO [2020-04-25 19:59:24] 
