INFO [2020-06-06 12:39:30] $x
INFO [2020-06-06 12:39:30] list(Model = gene_model, Evolution = gene_evolution)
INFO [2020-06-06 12:39:30] 
INFO [2020-06-06 12:39:30] $filename
INFO [2020-06-06 12:39:30] [1] "result/Compare_model_prediction_and_evolution_analysis.png"
INFO [2020-06-06 12:39:30] 
INFO [2020-06-06 12:39:30] $height
INFO [2020-06-06 12:39:30] [1] 1000
INFO [2020-06-06 12:39:30] 
INFO [2020-06-06 12:39:30] $width
INFO [2020-06-06 12:39:30] [1] 1000
INFO [2020-06-06 12:39:30] 
INFO [2020-06-06 12:39:30] $resolution
INFO [2020-06-06 12:39:30] [1] 300
INFO [2020-06-06 12:39:30] 
INFO [2020-06-06 12:39:30] $imagetype
INFO [2020-06-06 12:39:30] [1] "png"
INFO [2020-06-06 12:39:30] 
INFO [2020-06-06 12:39:30] $col
INFO [2020-06-06 12:39:30] [1] "transparent"
INFO [2020-06-06 12:39:30] 
INFO [2020-06-06 12:39:30] $fill
INFO [2020-06-06 12:39:30] c("blue", "red")
INFO [2020-06-06 12:39:30] 
INFO [2020-06-06 12:39:30] $alpha
INFO [2020-06-06 12:39:30] [1] 0.5
INFO [2020-06-06 12:39:30] 
INFO [2020-06-06 12:39:30] $cex
INFO [2020-06-06 12:39:30] [1] 0.45
INFO [2020-06-06 12:39:30] 
INFO [2020-06-06 12:39:30] $cat.cex
INFO [2020-06-06 12:39:30] [1] 0.45
INFO [2020-06-06 12:39:30] 
