INFO [2020-11-14 09:39:51] $x
INFO [2020-11-14 09:39:51] list(Model = gene_model, Evolution = gene_evolution)
INFO [2020-11-14 09:39:51] 
INFO [2020-11-14 09:39:51] $filename
INFO [2020-11-14 09:39:51] [1] "result/Compare_model_prediction_and_evolution_analysis.png"
INFO [2020-11-14 09:39:51] 
INFO [2020-11-14 09:39:51] $height
INFO [2020-11-14 09:39:51] [1] 1000
INFO [2020-11-14 09:39:51] 
INFO [2020-11-14 09:39:51] $width
INFO [2020-11-14 09:39:51] [1] 1000
INFO [2020-11-14 09:39:51] 
INFO [2020-11-14 09:39:51] $resolution
INFO [2020-11-14 09:39:51] [1] 300
INFO [2020-11-14 09:39:51] 
INFO [2020-11-14 09:39:51] $imagetype
INFO [2020-11-14 09:39:51] [1] "png"
INFO [2020-11-14 09:39:51] 
INFO [2020-11-14 09:39:51] $col
INFO [2020-11-14 09:39:51] [1] "transparent"
INFO [2020-11-14 09:39:51] 
INFO [2020-11-14 09:39:51] $fill
INFO [2020-11-14 09:39:51] c("blue", "red")
INFO [2020-11-14 09:39:51] 
INFO [2020-11-14 09:39:51] $alpha
INFO [2020-11-14 09:39:51] [1] 0.5
INFO [2020-11-14 09:39:51] 
INFO [2020-11-14 09:39:51] $cex
INFO [2020-11-14 09:39:51] [1] 0.45
INFO [2020-11-14 09:39:51] 
INFO [2020-11-14 09:39:51] $cat.cex
INFO [2020-11-14 09:39:51] [1] 0.45
INFO [2020-11-14 09:39:51] 
