INFO [2021-07-31 16:07:40] $x
INFO [2021-07-31 16:07:40] list(Model = gene_model, Evolution = gene_evolution)
INFO [2021-07-31 16:07:40] 
INFO [2021-07-31 16:07:40] $filename
INFO [2021-07-31 16:07:40] [1] "result/Compare_model_prediction_and_evolution_analysis.png"
INFO [2021-07-31 16:07:40] 
INFO [2021-07-31 16:07:40] $height
INFO [2021-07-31 16:07:40] [1] 1000
INFO [2021-07-31 16:07:40] 
INFO [2021-07-31 16:07:40] $width
INFO [2021-07-31 16:07:40] [1] 1000
INFO [2021-07-31 16:07:40] 
INFO [2021-07-31 16:07:40] $resolution
INFO [2021-07-31 16:07:40] [1] 300
INFO [2021-07-31 16:07:40] 
INFO [2021-07-31 16:07:40] $imagetype
INFO [2021-07-31 16:07:40] [1] "png"
INFO [2021-07-31 16:07:40] 
INFO [2021-07-31 16:07:40] $col
INFO [2021-07-31 16:07:40] [1] "transparent"
INFO [2021-07-31 16:07:40] 
INFO [2021-07-31 16:07:40] $fill
INFO [2021-07-31 16:07:40] c("blue", "red")
INFO [2021-07-31 16:07:40] 
INFO [2021-07-31 16:07:40] $alpha
INFO [2021-07-31 16:07:40] [1] 0.5
INFO [2021-07-31 16:07:40] 
INFO [2021-07-31 16:07:40] $cex
INFO [2021-07-31 16:07:40] [1] 0.45
INFO [2021-07-31 16:07:40] 
INFO [2021-07-31 16:07:40] $cat.cex
INFO [2021-07-31 16:07:40] [1] 0.45
INFO [2021-07-31 16:07:40] 
