INFO [2020-09-09 10:50:24] $x
INFO [2020-09-09 10:50:24] list(fubar_macse_prune = fubar_macse_prune0$OG, fubar_guidance_prune = fubar_guidance_prune0$OG, 
INFO [2020-09-09 10:50:24]     fubar_guidance_unprune = fubar_guidance_unprune0$OG)
INFO [2020-09-09 10:50:24] 
INFO [2020-09-09 10:50:24] $filename
INFO [2020-09-09 10:50:24] [1] "result/site_model_results_using_different_method_combination2.png"
INFO [2020-09-09 10:50:24] 
INFO [2020-09-09 10:50:24] $height
INFO [2020-09-09 10:50:24] [1] 1000
INFO [2020-09-09 10:50:24] 
INFO [2020-09-09 10:50:24] $width
INFO [2020-09-09 10:50:24] [1] 1000
INFO [2020-09-09 10:50:24] 
INFO [2020-09-09 10:50:24] $resolution
INFO [2020-09-09 10:50:24] [1] 300
INFO [2020-09-09 10:50:24] 
INFO [2020-09-09 10:50:24] $imagetype
INFO [2020-09-09 10:50:24] [1] "png"
INFO [2020-09-09 10:50:24] 
INFO [2020-09-09 10:50:24] $col
INFO [2020-09-09 10:50:24] [1] "transparent"
INFO [2020-09-09 10:50:24] 
INFO [2020-09-09 10:50:24] $fill
INFO [2020-09-09 10:50:24] c("blue", "red", "green")
INFO [2020-09-09 10:50:24] 
INFO [2020-09-09 10:50:24] $alpha
INFO [2020-09-09 10:50:24] [1] 0.5
INFO [2020-09-09 10:50:24] 
INFO [2020-09-09 10:50:24] $cex
INFO [2020-09-09 10:50:24] [1] 0.45
INFO [2020-09-09 10:50:24] 
INFO [2020-09-09 10:50:24] $cat.cex
INFO [2020-09-09 10:50:24] [1] 0.45
INFO [2020-09-09 10:50:24] 
