INFO [2020-09-09 10:54:43] $x
INFO [2020-09-09 10:54:43] list(fubar_macse_prune = fubar_macse_prune0$OG, fubar_guidance_prune = fubar_guidance_prune0$OG, 
INFO [2020-09-09 10:54:43]     fubar_guidance_unprune = fubar_guidance_unprune0$OG)
INFO [2020-09-09 10:54:43] 
INFO [2020-09-09 10:54:43] $filename
INFO [2020-09-09 10:54:43] [1] "result/site_model_results_using_different_method_combination2.png"
INFO [2020-09-09 10:54:43] 
INFO [2020-09-09 10:54:43] $height
INFO [2020-09-09 10:54:43] [1] 1000
INFO [2020-09-09 10:54:43] 
INFO [2020-09-09 10:54:43] $width
INFO [2020-09-09 10:54:43] [1] 1000
INFO [2020-09-09 10:54:43] 
INFO [2020-09-09 10:54:43] $resolution
INFO [2020-09-09 10:54:43] [1] 300
INFO [2020-09-09 10:54:43] 
INFO [2020-09-09 10:54:43] $imagetype
INFO [2020-09-09 10:54:43] [1] "png"
INFO [2020-09-09 10:54:43] 
INFO [2020-09-09 10:54:43] $col
INFO [2020-09-09 10:54:43] [1] "transparent"
INFO [2020-09-09 10:54:43] 
INFO [2020-09-09 10:54:43] $fill
INFO [2020-09-09 10:54:43] c("blue", "red", "green")
INFO [2020-09-09 10:54:43] 
INFO [2020-09-09 10:54:43] $alpha
INFO [2020-09-09 10:54:43] [1] 0.5
INFO [2020-09-09 10:54:43] 
INFO [2020-09-09 10:54:43] $cex
INFO [2020-09-09 10:54:43] [1] 0.45
INFO [2020-09-09 10:54:43] 
INFO [2020-09-09 10:54:43] $cat.cex
INFO [2020-09-09 10:54:43] [1] 0.45
INFO [2020-09-09 10:54:43] 
