INFO [2020-12-19 12:08:21] $x
INFO [2020-12-19 12:08:21] list(fubar_guidance_prune = fubar_guidance_prune0$OG, fubar_guidance_unprune = fubar_guidance_unprune0$OG, 
INFO [2020-12-19 12:08:21]     fel_guidance_prune = fel_guidance_prune0$OG)
INFO [2020-12-19 12:08:21] 
INFO [2020-12-19 12:08:21] $filename
INFO [2020-12-19 12:08:21] [1] "result/site_model_results_using_different_method_combination3.png"
INFO [2020-12-19 12:08:21] 
INFO [2020-12-19 12:08:21] $height
INFO [2020-12-19 12:08:21] [1] 1000
INFO [2020-12-19 12:08:21] 
INFO [2020-12-19 12:08:21] $width
INFO [2020-12-19 12:08:21] [1] 1000
INFO [2020-12-19 12:08:21] 
INFO [2020-12-19 12:08:21] $resolution
INFO [2020-12-19 12:08:21] [1] 300
INFO [2020-12-19 12:08:21] 
INFO [2020-12-19 12:08:21] $imagetype
INFO [2020-12-19 12:08:21] [1] "png"
INFO [2020-12-19 12:08:21] 
INFO [2020-12-19 12:08:21] $col
INFO [2020-12-19 12:08:21] [1] "transparent"
INFO [2020-12-19 12:08:21] 
INFO [2020-12-19 12:08:21] $fill
INFO [2020-12-19 12:08:21] c("blue", "red", "green")
INFO [2020-12-19 12:08:21] 
INFO [2020-12-19 12:08:21] $alpha
INFO [2020-12-19 12:08:21] [1] 0.5
INFO [2020-12-19 12:08:21] 
INFO [2020-12-19 12:08:21] $cex
INFO [2020-12-19 12:08:21] [1] 0.45
INFO [2020-12-19 12:08:21] 
INFO [2020-12-19 12:08:21] $cat.cex
INFO [2020-12-19 12:08:21] [1] 0.45
INFO [2020-12-19 12:08:21] 
