INFO [2020-12-29 11:35:17] $x
INFO [2020-12-29 11:35:17] list(fubar_guidance_prune = fubar_guidance_prune0$OG, fubar_guidance_unprune = fubar_guidance_unprune0$OG, 
INFO [2020-12-29 11:35:17]     fel_guidance_prune = fel_guidance_prune0$OG)
INFO [2020-12-29 11:35:17] 
INFO [2020-12-29 11:35:17] $filename
INFO [2020-12-29 11:35:17] [1] "result/site_model_results_using_different_method_combination3.png"
INFO [2020-12-29 11:35:17] 
INFO [2020-12-29 11:35:17] $height
INFO [2020-12-29 11:35:17] [1] 1000
INFO [2020-12-29 11:35:17] 
INFO [2020-12-29 11:35:17] $width
INFO [2020-12-29 11:35:17] [1] 1000
INFO [2020-12-29 11:35:17] 
INFO [2020-12-29 11:35:17] $resolution
INFO [2020-12-29 11:35:17] [1] 300
INFO [2020-12-29 11:35:17] 
INFO [2020-12-29 11:35:17] $imagetype
INFO [2020-12-29 11:35:17] [1] "png"
INFO [2020-12-29 11:35:17] 
INFO [2020-12-29 11:35:17] $col
INFO [2020-12-29 11:35:17] [1] "transparent"
INFO [2020-12-29 11:35:17] 
INFO [2020-12-29 11:35:17] $fill
INFO [2020-12-29 11:35:17] c("blue", "red", "green")
INFO [2020-12-29 11:35:17] 
INFO [2020-12-29 11:35:17] $alpha
INFO [2020-12-29 11:35:17] [1] 0.5
INFO [2020-12-29 11:35:17] 
INFO [2020-12-29 11:35:17] $cex
INFO [2020-12-29 11:35:17] [1] 0.45
INFO [2020-12-29 11:35:17] 
INFO [2020-12-29 11:35:17] $cat.cex
INFO [2020-12-29 11:35:17] [1] 0.45
INFO [2020-12-29 11:35:17] 
