INFO [2020-09-09 10:42:30] $x
INFO [2020-09-09 10:42:30] list(fubar_macse_prune = fubar_macse_prune0$OG, fubar_guidance_prune = fubar_guidance_prune0$OG, 
INFO [2020-09-09 10:42:30]     fubar_guidance_unprune = fubar_guidance_unprune0$OG, fel_guidance_prune = fel_guidance_prune0$OG)
INFO [2020-09-09 10:42:30] 
INFO [2020-09-09 10:42:30] $filename
INFO [2020-09-09 10:42:30] [1] "result/site_model_results_using_different_method_combination.png"
INFO [2020-09-09 10:42:30] 
INFO [2020-09-09 10:42:30] $height
INFO [2020-09-09 10:42:30] [1] 1000
INFO [2020-09-09 10:42:30] 
INFO [2020-09-09 10:42:30] $width
INFO [2020-09-09 10:42:30] [1] 1000
INFO [2020-09-09 10:42:30] 
INFO [2020-09-09 10:42:30] $resolution
INFO [2020-09-09 10:42:30] [1] 300
INFO [2020-09-09 10:42:30] 
INFO [2020-09-09 10:42:30] $imagetype
INFO [2020-09-09 10:42:30] [1] "png"
INFO [2020-09-09 10:42:30] 
INFO [2020-09-09 10:42:30] $col
INFO [2020-09-09 10:42:30] [1] "transparent"
INFO [2020-09-09 10:42:30] 
INFO [2020-09-09 10:42:30] $fill
INFO [2020-09-09 10:42:30] c("blue", "red", "green", "orange")
INFO [2020-09-09 10:42:30] 
INFO [2020-09-09 10:42:30] $alpha
INFO [2020-09-09 10:42:30] [1] 0.5
INFO [2020-09-09 10:42:30] 
INFO [2020-09-09 10:42:30] $cex
INFO [2020-09-09 10:42:30] [1] 0.45
INFO [2020-09-09 10:42:30] 
INFO [2020-09-09 10:42:30] $cat.cex
INFO [2020-09-09 10:42:30] [1] 0.45
INFO [2020-09-09 10:42:30] 
