INFO [2020-09-09 11:33:54] $x
INFO [2020-09-09 11:33:54] list(fubar_guidance_prune = fubar_guidance_prune0$OG, fubar_guidance_unprune = fubar_guidance_unprune0$OG, 
INFO [2020-09-09 11:33:54]     fel_guidance_prune = fel_guidance_prune0$OG)
INFO [2020-09-09 11:33:54] 
INFO [2020-09-09 11:33:54] $filename
INFO [2020-09-09 11:33:54] [1] "result/site_model_results_using_different_method_combination3.png"
INFO [2020-09-09 11:33:54] 
INFO [2020-09-09 11:33:54] $height
INFO [2020-09-09 11:33:54] [1] 1000
INFO [2020-09-09 11:33:54] 
INFO [2020-09-09 11:33:54] $width
INFO [2020-09-09 11:33:54] [1] 1000
INFO [2020-09-09 11:33:54] 
INFO [2020-09-09 11:33:54] $resolution
INFO [2020-09-09 11:33:54] [1] 300
INFO [2020-09-09 11:33:54] 
INFO [2020-09-09 11:33:54] $imagetype
INFO [2020-09-09 11:33:54] [1] "png"
INFO [2020-09-09 11:33:54] 
INFO [2020-09-09 11:33:54] $col
INFO [2020-09-09 11:33:54] [1] "transparent"
INFO [2020-09-09 11:33:54] 
INFO [2020-09-09 11:33:54] $fill
INFO [2020-09-09 11:33:54] c("blue", "red", "green")
INFO [2020-09-09 11:33:54] 
INFO [2020-09-09 11:33:54] $alpha
INFO [2020-09-09 11:33:54] [1] 0.5
INFO [2020-09-09 11:33:54] 
INFO [2020-09-09 11:33:54] $cex
INFO [2020-09-09 11:33:54] [1] 0.45
INFO [2020-09-09 11:33:54] 
INFO [2020-09-09 11:33:54] $cat.cex
INFO [2020-09-09 11:33:54] [1] 0.45
INFO [2020-09-09 11:33:54] 
