INFO [2021-07-06 17:30:29] $x
INFO [2021-07-06 17:30:29] list(fubar_guidance_prune = fubar_guidance_prune0$OG, fubar_guidance_unprune = fubar_guidance_unprune0$OG, 
INFO [2021-07-06 17:30:29]     fel_guidance_prune = fel_guidance_prune0$OG)
INFO [2021-07-06 17:30:29] 
INFO [2021-07-06 17:30:29] $filename
INFO [2021-07-06 17:30:29] [1] "result/site_model_results_using_different_method_combination3.png"
INFO [2021-07-06 17:30:29] 
INFO [2021-07-06 17:30:29] $height
INFO [2021-07-06 17:30:29] [1] 1000
INFO [2021-07-06 17:30:29] 
INFO [2021-07-06 17:30:29] $width
INFO [2021-07-06 17:30:29] [1] 1000
INFO [2021-07-06 17:30:29] 
INFO [2021-07-06 17:30:29] $resolution
INFO [2021-07-06 17:30:29] [1] 300
INFO [2021-07-06 17:30:29] 
INFO [2021-07-06 17:30:29] $imagetype
INFO [2021-07-06 17:30:29] [1] "png"
INFO [2021-07-06 17:30:29] 
INFO [2021-07-06 17:30:29] $col
INFO [2021-07-06 17:30:29] [1] "transparent"
INFO [2021-07-06 17:30:29] 
INFO [2021-07-06 17:30:29] $fill
INFO [2021-07-06 17:30:29] c("blue", "red", "green")
INFO [2021-07-06 17:30:29] 
INFO [2021-07-06 17:30:29] $alpha
INFO [2021-07-06 17:30:29] [1] 0.5
INFO [2021-07-06 17:30:29] 
INFO [2021-07-06 17:30:29] $cex
INFO [2021-07-06 17:30:29] [1] 0.45
INFO [2021-07-06 17:30:29] 
INFO [2021-07-06 17:30:29] $cat.cex
INFO [2021-07-06 17:30:29] [1] 0.45
INFO [2021-07-06 17:30:29] 
