INFO [2021-03-03 18:48:38] $x
INFO [2021-03-03 18:48:38] list(fubar_guidance_prune = fubar_guidance_prune0$OG, fubar_guidance_unprune = fubar_guidance_unprune0$OG, 
INFO [2021-03-03 18:48:38]     fel_guidance_prune = fel_guidance_prune0$OG)
INFO [2021-03-03 18:48:38] 
INFO [2021-03-03 18:48:38] $filename
INFO [2021-03-03 18:48:38] [1] "result/site_model_results_using_different_method_combination3.png"
INFO [2021-03-03 18:48:38] 
INFO [2021-03-03 18:48:38] $height
INFO [2021-03-03 18:48:38] [1] 1000
INFO [2021-03-03 18:48:38] 
INFO [2021-03-03 18:48:38] $width
INFO [2021-03-03 18:48:38] [1] 1000
INFO [2021-03-03 18:48:38] 
INFO [2021-03-03 18:48:38] $resolution
INFO [2021-03-03 18:48:38] [1] 300
INFO [2021-03-03 18:48:38] 
INFO [2021-03-03 18:48:38] $imagetype
INFO [2021-03-03 18:48:38] [1] "png"
INFO [2021-03-03 18:48:38] 
INFO [2021-03-03 18:48:38] $col
INFO [2021-03-03 18:48:38] [1] "transparent"
INFO [2021-03-03 18:48:38] 
INFO [2021-03-03 18:48:38] $fill
INFO [2021-03-03 18:48:38] c("blue", "red", "green")
INFO [2021-03-03 18:48:38] 
INFO [2021-03-03 18:48:38] $alpha
INFO [2021-03-03 18:48:38] [1] 0.5
INFO [2021-03-03 18:48:38] 
INFO [2021-03-03 18:48:38] $cex
INFO [2021-03-03 18:48:38] [1] 0.45
INFO [2021-03-03 18:48:38] 
INFO [2021-03-03 18:48:38] $cat.cex
INFO [2021-03-03 18:48:38] [1] 0.45
INFO [2021-03-03 18:48:38] 
