INFO [2020-12-19 12:06:16] $x
INFO [2020-12-19 12:06:16] list(fubar_guidance_prune = fubar_guidance_prune0$OG, fubar_guidance_unprune = fubar_guidance_unprune0$OG, 
INFO [2020-12-19 12:06:16]     fel_guidance_prune = fel_guidance_prune0$OG)
INFO [2020-12-19 12:06:16] 
INFO [2020-12-19 12:06:16] $filename
INFO [2020-12-19 12:06:16] [1] "result/site_model_results_using_different_method_combination3.png"
INFO [2020-12-19 12:06:16] 
INFO [2020-12-19 12:06:16] $height
INFO [2020-12-19 12:06:16] [1] 1000
INFO [2020-12-19 12:06:16] 
INFO [2020-12-19 12:06:16] $width
INFO [2020-12-19 12:06:16] [1] 1000
INFO [2020-12-19 12:06:16] 
INFO [2020-12-19 12:06:16] $resolution
INFO [2020-12-19 12:06:16] [1] 300
INFO [2020-12-19 12:06:16] 
INFO [2020-12-19 12:06:16] $imagetype
INFO [2020-12-19 12:06:16] [1] "png"
INFO [2020-12-19 12:06:16] 
INFO [2020-12-19 12:06:16] $col
INFO [2020-12-19 12:06:16] [1] "transparent"
INFO [2020-12-19 12:06:16] 
INFO [2020-12-19 12:06:16] $fill
INFO [2020-12-19 12:06:16] c("blue", "red", "green")
INFO [2020-12-19 12:06:16] 
INFO [2020-12-19 12:06:16] $alpha
INFO [2020-12-19 12:06:16] [1] 0.5
INFO [2020-12-19 12:06:16] 
INFO [2020-12-19 12:06:16] $cex
INFO [2020-12-19 12:06:16] [1] 0.45
INFO [2020-12-19 12:06:16] 
INFO [2020-12-19 12:06:16] $cat.cex
INFO [2020-12-19 12:06:16] [1] 0.45
INFO [2020-12-19 12:06:16] 
