INFO [2021-09-08 09:24:10] $x
INFO [2021-09-08 09:24:10] list(fubar_guidance_prune = fubar_guidance_prune0$OG, fubar_guidance_unprune = fubar_guidance_unprune0$OG, 
INFO [2021-09-08 09:24:10]     fel_guidance_prune = fel_guidance_prune0$OG)
INFO [2021-09-08 09:24:10] 
INFO [2021-09-08 09:24:10] $filename
INFO [2021-09-08 09:24:10] [1] "result/site_model_results_using_different_method_combination3.png"
INFO [2021-09-08 09:24:10] 
INFO [2021-09-08 09:24:10] $height
INFO [2021-09-08 09:24:10] [1] 1000
INFO [2021-09-08 09:24:10] 
INFO [2021-09-08 09:24:10] $width
INFO [2021-09-08 09:24:10] [1] 1000
INFO [2021-09-08 09:24:10] 
INFO [2021-09-08 09:24:10] $resolution
INFO [2021-09-08 09:24:10] [1] 300
INFO [2021-09-08 09:24:10] 
INFO [2021-09-08 09:24:10] $imagetype
INFO [2021-09-08 09:24:10] [1] "png"
INFO [2021-09-08 09:24:10] 
INFO [2021-09-08 09:24:10] $col
INFO [2021-09-08 09:24:10] [1] "transparent"
INFO [2021-09-08 09:24:10] 
INFO [2021-09-08 09:24:10] $fill
INFO [2021-09-08 09:24:10] c("blue", "red", "green")
INFO [2021-09-08 09:24:10] 
INFO [2021-09-08 09:24:10] $alpha
INFO [2021-09-08 09:24:10] [1] 0.5
INFO [2021-09-08 09:24:10] 
INFO [2021-09-08 09:24:10] $cex
INFO [2021-09-08 09:24:10] [1] 0.45
INFO [2021-09-08 09:24:10] 
INFO [2021-09-08 09:24:10] $cat.cex
INFO [2021-09-08 09:24:10] [1] 0.45
INFO [2021-09-08 09:24:10] 
