INFO [2020-12-07 15:31:56] $x
INFO [2020-12-07 15:31:56] list(fubar_guidance_prune = fubar_guidance_prune0$OG, fubar_guidance_unprune = fubar_guidance_unprune0$OG, 
INFO [2020-12-07 15:31:56]     fel_guidance_prune = fel_guidance_prune0$OG)
INFO [2020-12-07 15:31:56] 
INFO [2020-12-07 15:31:56] $filename
INFO [2020-12-07 15:31:56] [1] "result/site_model_results_using_different_method_combination3.png"
INFO [2020-12-07 15:31:56] 
INFO [2020-12-07 15:31:56] $height
INFO [2020-12-07 15:31:56] [1] 1000
INFO [2020-12-07 15:31:56] 
INFO [2020-12-07 15:31:56] $width
INFO [2020-12-07 15:31:56] [1] 1000
INFO [2020-12-07 15:31:56] 
INFO [2020-12-07 15:31:56] $resolution
INFO [2020-12-07 15:31:56] [1] 300
INFO [2020-12-07 15:31:56] 
INFO [2020-12-07 15:31:56] $imagetype
INFO [2020-12-07 15:31:56] [1] "png"
INFO [2020-12-07 15:31:56] 
INFO [2020-12-07 15:31:56] $col
INFO [2020-12-07 15:31:56] [1] "transparent"
INFO [2020-12-07 15:31:56] 
INFO [2020-12-07 15:31:56] $fill
INFO [2020-12-07 15:31:56] c("blue", "red", "green")
INFO [2020-12-07 15:31:56] 
INFO [2020-12-07 15:31:56] $alpha
INFO [2020-12-07 15:31:56] [1] 0.5
INFO [2020-12-07 15:31:56] 
INFO [2020-12-07 15:31:56] $cex
INFO [2020-12-07 15:31:56] [1] 0.45
INFO [2020-12-07 15:31:56] 
INFO [2020-12-07 15:31:56] $cat.cex
INFO [2020-12-07 15:31:56] [1] 0.45
INFO [2020-12-07 15:31:56] 
