INFO [2020-12-07 15:36:50] $x
INFO [2020-12-07 15:36:50] list(fubar_guidance_prune = fubar_guidance_prune0$OG, fubar_guidance_unprune = fubar_guidance_unprune0$OG, 
INFO [2020-12-07 15:36:50]     fel_guidance_prune = fel_guidance_prune0$OG)
INFO [2020-12-07 15:36:50] 
INFO [2020-12-07 15:36:50] $filename
INFO [2020-12-07 15:36:50] [1] "result/site_model_results_using_different_method_combination3.png"
INFO [2020-12-07 15:36:50] 
INFO [2020-12-07 15:36:50] $height
INFO [2020-12-07 15:36:50] [1] 1000
INFO [2020-12-07 15:36:50] 
INFO [2020-12-07 15:36:50] $width
INFO [2020-12-07 15:36:50] [1] 1000
INFO [2020-12-07 15:36:50] 
INFO [2020-12-07 15:36:50] $resolution
INFO [2020-12-07 15:36:50] [1] 300
INFO [2020-12-07 15:36:50] 
INFO [2020-12-07 15:36:50] $imagetype
INFO [2020-12-07 15:36:50] [1] "png"
INFO [2020-12-07 15:36:50] 
INFO [2020-12-07 15:36:50] $col
INFO [2020-12-07 15:36:50] [1] "transparent"
INFO [2020-12-07 15:36:50] 
INFO [2020-12-07 15:36:50] $fill
INFO [2020-12-07 15:36:50] c("blue", "red", "green")
INFO [2020-12-07 15:36:50] 
INFO [2020-12-07 15:36:50] $alpha
INFO [2020-12-07 15:36:50] [1] 0.5
INFO [2020-12-07 15:36:50] 
INFO [2020-12-07 15:36:50] $cex
INFO [2020-12-07 15:36:50] [1] 0.45
INFO [2020-12-07 15:36:50] 
INFO [2020-12-07 15:36:50] $cat.cex
INFO [2020-12-07 15:36:50] [1] 0.45
INFO [2020-12-07 15:36:50] 
