INFO [2021-07-06 16:13:24] $x
INFO [2021-07-06 16:13:24] list(fubar_guidance_prune = fubar_guidance_prune0$OG, fubar_guidance_unprune = fubar_guidance_unprune0$OG, 
INFO [2021-07-06 16:13:24]     fel_guidance_prune = fel_guidance_prune0$OG)
INFO [2021-07-06 16:13:24] 
INFO [2021-07-06 16:13:24] $filename
INFO [2021-07-06 16:13:24] [1] "result/site_model_results_using_different_method_combination3.png"
INFO [2021-07-06 16:13:24] 
INFO [2021-07-06 16:13:24] $height
INFO [2021-07-06 16:13:24] [1] 1000
INFO [2021-07-06 16:13:24] 
INFO [2021-07-06 16:13:24] $width
INFO [2021-07-06 16:13:24] [1] 1000
INFO [2021-07-06 16:13:24] 
INFO [2021-07-06 16:13:24] $resolution
INFO [2021-07-06 16:13:24] [1] 300
INFO [2021-07-06 16:13:24] 
INFO [2021-07-06 16:13:24] $imagetype
INFO [2021-07-06 16:13:24] [1] "png"
INFO [2021-07-06 16:13:24] 
INFO [2021-07-06 16:13:24] $col
INFO [2021-07-06 16:13:24] [1] "transparent"
INFO [2021-07-06 16:13:24] 
INFO [2021-07-06 16:13:24] $fill
INFO [2021-07-06 16:13:24] c("blue", "red", "green")
INFO [2021-07-06 16:13:24] 
INFO [2021-07-06 16:13:24] $alpha
INFO [2021-07-06 16:13:24] [1] 0.5
INFO [2021-07-06 16:13:24] 
INFO [2021-07-06 16:13:24] $cex
INFO [2021-07-06 16:13:24] [1] 0.45
INFO [2021-07-06 16:13:24] 
INFO [2021-07-06 16:13:24] $cat.cex
INFO [2021-07-06 16:13:24] [1] 0.45
INFO [2021-07-06 16:13:24] 
