INFO [2020-09-09 10:48:51] $x
INFO [2020-09-09 10:48:51] list(fubar_macse_prune = fubar_macse_prune0$OG, fubar_guidance_prune = fubar_guidance_prune0$OG, 
INFO [2020-09-09 10:48:51]     fubar_guidance_unprune = fubar_guidance_unprune0$OG, fel_guidance_prune = fel_guidance_prune0$OG)
INFO [2020-09-09 10:48:51] 
INFO [2020-09-09 10:48:51] $filename
INFO [2020-09-09 10:48:51] [1] "result/site_model_results_using_different_method_combination.png"
INFO [2020-09-09 10:48:51] 
INFO [2020-09-09 10:48:51] $height
INFO [2020-09-09 10:48:51] [1] 1000
INFO [2020-09-09 10:48:51] 
INFO [2020-09-09 10:48:51] $width
INFO [2020-09-09 10:48:51] [1] 1000
INFO [2020-09-09 10:48:51] 
INFO [2020-09-09 10:48:51] $resolution
INFO [2020-09-09 10:48:51] [1] 300
INFO [2020-09-09 10:48:51] 
INFO [2020-09-09 10:48:51] $imagetype
INFO [2020-09-09 10:48:51] [1] "png"
INFO [2020-09-09 10:48:51] 
INFO [2020-09-09 10:48:51] $col
INFO [2020-09-09 10:48:51] [1] "transparent"
INFO [2020-09-09 10:48:51] 
INFO [2020-09-09 10:48:51] $fill
INFO [2020-09-09 10:48:51] c("blue", "red", "green", "orange")
INFO [2020-09-09 10:48:51] 
INFO [2020-09-09 10:48:51] $alpha
INFO [2020-09-09 10:48:51] [1] 0.5
INFO [2020-09-09 10:48:51] 
INFO [2020-09-09 10:48:51] $cex
INFO [2020-09-09 10:48:51] [1] 0.45
INFO [2020-09-09 10:48:51] 
INFO [2020-09-09 10:48:51] $cat.cex
INFO [2020-09-09 10:48:51] [1] 0.45
INFO [2020-09-09 10:48:51] 
